<?xml version="1.0" encoding="UTF-8"?>
<!-- Generated by org.testng.reporters.JUnitXMLReporter -->
<testsuite ignored="3" hostname="sofanas-MacBook-Pro.local" failures="0" tests="1" name="Default test" time="0.235" errors="0" timestamp="08 Jan 2019 20:10:59 GMT">
  <testcase classname="JDBCTest.JDBCTest" name="DBUtilDynamic" time="0.2"/>
  <testcase classname="JDBCTest.JDBCTest" name="PostGreSQL" time="0.0">
    <ignored/>
  </testcase> <!-- PostGreSQL -->
  <testcase classname="JDBCTest.JDBCTest" name="DBUtil" time="0.0">
    <ignored/>
  </testcase> <!-- DBUtil -->
  <testcase classname="JDBCTest.JDBCTest" name="JDBCMetaData" time="0.0">
    <ignored/>
  </testcase> <!-- JDBCMetaData -->
</testsuite> <!-- Default test -->
