<?xml version="1.0" encoding="UTF-8"?>
<testng-results ignored="3" total="4" passed="1" failed="0" skipped="0">
  <reporter-output>
  </reporter-output>
  <suite started-at="2019-01-08T20:10:59Z" name="Default suite" finished-at="2019-01-08T20:10:59Z" duration-ms="235">
    <groups>
    </groups>
    <test started-at="2019-01-08T20:10:59Z" name="Default test" finished-at="2019-01-08T20:10:59Z" duration-ms="235">
      <class name="JDBCTest.JDBCTest">
        <test-method signature="DBUtilDynamic()[pri:0, instance:JDBCTest.JDBCTest@68e5eea7]" started-at="2019-01-08T20:10:59Z" name="DBUtilDynamic" finished-at="2019-01-08T20:10:59Z" duration-ms="200" status="PASS">
          <reporter-output>
          </reporter-output>
        </test-method> <!-- DBUtilDynamic -->
      </class> <!-- JDBCTest.JDBCTest -->
    </test> <!-- Default test -->
  </suite> <!-- Default suite -->
</testng-results>
